<?xml version="1.1" encoding="UTF-8" standalone="no"?>
<databaseChangeLog xmlns="http://www.liquibase.org/xml/ns/dbchangelog" xmlns:ext="http://www.liquibase.org/xml/ns/dbchangelog-ext" xmlns:xsi="http://www.w3.org/2001/XMLSchema-instance" xsi:schemaLocation="http://www.liquibase.org/xml/ns/dbchangelog-ext http://www.liquibase.org/xml/ns/dbchangelog/dbchangelog-ext.xsd http://www.liquibase.org/xml/ns/dbchangelog http://www.liquibase.org/xml/ns/dbchangelog/dbchangelog-3.6.xsd">
 <changeSet author="nirpanig (generated)" id="1539157874575-1">
        <createTable tableName="address">
            <column autoIncrement="true" name="id" type="BIGINT">
                <constraints primaryKey="true"/>
            </column>
            <column name="address_line_one" type="VARCHAR(255)"/>
            <column name="address_line_two" type="VARCHAR(255)"/>
            <column name="country" type="VARCHAR(255)"/>
            <column name="district" type="VARCHAR(255)"/>
            <column name="gps_location_latitude" type="VARCHAR(255)"/>
            <column name="gps_location_longitude" type="VARCHAR(255)"/>
            <column name="is_active" type="BIT(1)">
                <constraints nullable="false"/>
            </column>
            <column name="pincode" type="VARCHAR(255)"/>
            <column name="state" type="VARCHAR(255)"/>
            <column name="street" type="VARCHAR(255)"/>
        </createTable>
    </changeSet>
    <changeSet author="nirpanig (generated)" id="1539157874575-2">
        <createTable tableName="navigation">
            <column autoIncrement="true" name="id" type="BIGINT">
                <constraints primaryKey="true"/>
            </column>
            <column name="icon_image" type="VARCHAR(255)"/>
            <column name="name_token" type="VARCHAR(255)">
                <constraints unique="true"/>
            </column>
            <column name="screen_label" type="VARCHAR(255)"/>
            <column name="screen_type" type="VARCHAR(255)"/>
            <column name="sequence_no" type="INT"/>
            <column name="version" type="BIGINT"/>
            <column name="parent_id" type="BIGINT"/>
        </createTable>
    </changeSet>
    <changeSet author="nirpanig (generated)" id="1539157874575-3">
        <createTable tableName="role">
            <column autoIncrement="true" name="id" type="BIGINT">
                <constraints primaryKey="true"/>
            </column>
            <column name="role_name" type="VARCHAR(255)"/>
            <column name="version" type="BIGINT"/>
        </createTable>
    </changeSet>
    <changeSet author="nirpanig (generated)" id="1539157874575-4">
        <createTable tableName="role_navigation">
            <column autoIncrement="true" name="id" type="BIGINT">
                <constraints primaryKey="true"/>
            </column>
            <column name="version" type="BIGINT"/>
            <column name="navigation_id" type="BIGINT">
                <constraints nullable="false"/>
            </column>
            <column name="role_id" type="BIGINT">
                <constraints nullable="false"/>
            </column>
        </createTable>
    </changeSet>
    <changeSet author="nirpanig (generated)" id="1539157874575-5">
        <createTable tableName="token">
            <column name="series" type="VARCHAR(255)">
                <constraints primaryKey="true"/>
            </column>
            <column name="date" type="datetime"/>
            <column name="ip_address" type="VARCHAR(255)"/>
            <column name="user_agent" type="VARCHAR(255)"/>
            <column name="user_login" type="VARCHAR(255)"/>
            <column name="value" type="VARCHAR(255)"/>
        </createTable>
    </changeSet>
    <changeSet author="nirpanig (generated)" id="1539157874575-6">
        <createTable tableName="user">
            <column autoIncrement="true" name="id" type="BIGINT">
                <constraints primaryKey="true"/>
            </column>
            <column name="active" type="BIT(1)">
                <constraints nullable="false"/>
            </column>
            <column name="email" type="VARCHAR(255)"/>
            <column name="first_name" type="VARCHAR(255)"/>
            <column name="last_name" type="VARCHAR(255)"/>
            <column name="login" type="VARCHAR(255)">
                <constraints nullable="false" unique="true"/>
            </column>
            <column name="password" type="VARCHAR(255)"/>
            <column name="phone" type="VARCHAR(255)"/>
            <column name="version" type="BIGINT"/>
        </createTable>
    </changeSet>
    <changeSet author="nirpanig (generated)" id="1539157874575-7">
        <createTable tableName="user_role">
            <column name="user_id" type="BIGINT">
                <constraints primaryKey="true"/>
            </column>
            <column name="role_id" type="BIGINT">
                <constraints primaryKey="true"/>
            </column>
        </createTable>
    </changeSet>
    <changeSet author="nirpanig (generated)" id="1539157874575-8">
        <createIndex indexName="FKa68196081fvovjhkek5m97n3y" tableName="user_role">
            <column name="role_id"/>
        </createIndex>
    </changeSet>
    <changeSet author="nirpanig (generated)" id="1539157874575-9">
        <createIndex indexName="FKb0jn4699n45elc8jw86wilst9" tableName="role_navigation">
            <column name="role_id"/>
        </createIndex>
    </changeSet>
    <changeSet author="nirpanig (generated)" id="1539157874575-10">
        <createIndex indexName="FKd8gfrcy9q2jw130a0el71rla1" tableName="navigation">
            <column name="parent_id"/>
        </createIndex>
    </changeSet>
    <changeSet author="nirpanig (generated)" id="1539157874575-11">
        <createIndex indexName="FKqnitqf2yym4elwengpwpib1it" tableName="role_navigation">
            <column name="navigation_id"/>
        </createIndex>
    </changeSet>
    <changeSet author="nirpanig (generated)" id="1539157874575-12">
        <addForeignKeyConstraint baseColumnNames="user_id" baseTableName="user_role" constraintName="FK859n2jvi8ivhui0rl0esws6o" deferrable="false" initiallyDeferred="false" onDelete="NO ACTION" onUpdate="NO ACTION" referencedColumnNames="id" referencedTableName="user" validate="true"/>
    </changeSet>
    <changeSet author="nirpanig (generated)" id="1539157874575-13">
        <addForeignKeyConstraint baseColumnNames="role_id" baseTableName="user_role" constraintName="FKa68196081fvovjhkek5m97n3y" deferrable="false" initiallyDeferred="false" onDelete="NO ACTION" onUpdate="NO ACTION" referencedColumnNames="id" referencedTableName="role" validate="true"/>
    </changeSet>
    <changeSet author="nirpanig (generated)" id="1539157874575-14">
        <addForeignKeyConstraint baseColumnNames="role_id" baseTableName="role_navigation" constraintName="FKb0jn4699n45elc8jw86wilst9" deferrable="false" initiallyDeferred="false" onDelete="NO ACTION" onUpdate="NO ACTION" referencedColumnNames="id" referencedTableName="role" validate="true"/>
    </changeSet>
    <changeSet author="nirpanig (generated)" id="1539157874575-15">
        <addForeignKeyConstraint baseColumnNames="parent_id" baseTableName="navigation" constraintName="FKd8gfrcy9q2jw130a0el71rla1" deferrable="false" initiallyDeferred="false" onDelete="NO ACTION" onUpdate="NO ACTION" referencedColumnNames="id" referencedTableName="navigation" validate="true"/>
    </changeSet>
    <changeSet author="nirpanig (generated)" id="1539157874575-16">
        <addForeignKeyConstraint baseColumnNames="navigation_id" baseTableName="role_navigation" constraintName="FKqnitqf2yym4elwengpwpib1it" deferrable="false" initiallyDeferred="false" onDelete="NO ACTION" onUpdate="NO ACTION" referencedColumnNames="id" referencedTableName="navigation" validate="true"/>
    </changeSet>
  
</databaseChangeLog>
